#
# There is insufficient memory for the Java Runtime Environment to continue.
# Native memory allocation (malloc) failed to allocate 1048576 bytes. Error detail: AllocateHeap
# Possible reasons:
#   The system is out of physical RAM or swap space
#   This process is running with CompressedOops enabled, and the Java Heap may be blocking the growth of the native heap
# Possible solutions:
#   Reduce memory load on the system
#   Increase physical memory or swap space
#   Check if swap backing store is full
#   Decrease Java heap size (-Xmx/-Xms)
#   Decrease number of Java threads
#   Decrease Java thread stack sizes (-Xss)
#   Set larger code cache with -XX:ReservedCodeCacheSize=
#   JVM is running with Zero Based Compressed Oops mode in which the Java heap is
#     placed in the first 32GB address space. The Java Heap base address is the
#     maximum limit for the native heap growth. Please use -XX:HeapBaseMinAddress
#     to set the Java Heap base and to place the Java Heap above 32GB virtual address.
# This output file may be truncated or incomplete.
#
#  Out of Memory Error (allocation.cpp:42), pid=33088, tid=6928
#
# JRE version:  (25.0.3+9) (build )
# Java VM: Java HotSpot(TM) 64-Bit Server VM (25.0.3+9-LTS-195, mixed mode, sharing, tiered, compressed oops, compressed class ptrs, g1 gc, windows-amd64)
# No core dump will be written. Minidumps are not enabled by default on client versions of Windows
#

---------------  S U M M A R Y ------------

Command Line: --enable-native-access=ALL-UNNAMED 

Host: AMD Ryzen 9 7945HX with Radeon Graphics        , 32 cores, 15G,  Windows 11 , 64 bit Build 26100 (10.0.26100.8521)
Time: Tue Jun 30 12:38:53 2026 Malay Peninsula Standard Time elapsed time: 0.009813 seconds (0d 0h 0m 0s)

---------------  T H R E A D  ---------------

Current thread (0x000002cc14e10850):  JavaThread "Unknown thread" [_thread_in_vm, id=6928, stack(0x000000e611500000,0x000000e611600000) (1024K)]

Stack: [0x000000e611500000,0x000000e611600000]
Native frames: (J=compiled Java code, j=interpreted, Vv=VM code, C=native code)
V  [jvm.dll+0x7a7d69]  (no source info available)
V  [jvm.dll+0x7739dd]  (no source info available)
V  [jvm.dll+0x9669f3]  (no source info available)
V  [jvm.dll+0x968ff1]  (no source info available)
V  [jvm.dll+0x969703]  (no source info available)
V  [jvm.dll+0x2fc9e6]  (no source info available)
V  [jvm.dll+0xf7607]  (no source info available)
V  [jvm.dll+0x3cac14]  (no source info available)
V  [jvm.dll+0x3c1092]  (no source info available)
V  [jvm.dll+0x92da97]  (no source info available)
V  [jvm.dll+0x4593d2]  (no source info available)
V  [jvm.dll+0x911442]  (no source info available)
V  [jvm.dll+0x4f9ef1]  (no source info available)
V  [jvm.dll+0x4fb781]  (no source info available)
C  [jli.dll+0x543e]  (no source info available)
C  [ucrtbase.dll+0x2cd30]  (no source info available)
C  [KERNEL32.DLL+0x2e957]  (no source info available)
C  [ntdll.dll+0x87c1c]  (no source info available)

Lock stack of current Java thread (top to bottom):


---------------  P R O C E S S  ---------------

Threads class SMR info:
_java_thread_list=0x00007fffb4526388, length=0, elements={
}

Java Threads: ( => current thread )
Total: 0

Other Threads:
  0x000002cc1739dd20 WorkerThread "GC Thread#0"                     [id=35832, stack(0x000000e611600000,0x000000e611700000) (1024K)]

[error occurred during error reporting (printing all threads), id 0xc0000005, EXCEPTION_ACCESS_VIOLATION (0xc0000005) at pc=0x00007fffb3c00250]
VM state: not at safepoint (not fully initialized)

VM Mutex/Monitor currently owned by a thread:  ([mutex/lock_event])
[0x00007fffb45aa788] Heap_lock - owner thread: 0x000002cc14e10850

Heap address: 0x0000000704e00000, size: 4018 MB, Compressed Oops mode: Zero based, Oop shift amount: 3

CDS archive(s) mapped at: [0x0000000000000000-0x0000000000000000-0x0000000000000000), size 0, SharedBaseAddress: 0x0000000800000000, ArchiveRelocationMode: 1.
UseCompressedClassPointers 1, UseCompactObjectHeaders 0
Narrow klass pointer bits 32, Max shift 3
Narrow klass base: 0xffffffffffffffff, Narrow klass shift: -1
Encoding Range: [0xffffffffffffffff - 0x000000007fffffff), (2147483648 bytes)
Klass Range:    [0x0000000000000000 - 0x0000000000000000), (0 bytes)
Klass ID Range:  [4294967295 - 0) (1)
No protection zone.

GC Precious Log:
 CardTable entry size: 512
 Card Set container configuration: InlinePtr #cards 4 size 8 Array Of Cards #cards 16 size 48 Howl #buckets 8 coarsen threshold 3686 Howl Bitmap #cards 512 size 80 coarsen threshold 460 Card regions per heap region 1 cards per card region 4096

Heap:
 garbage-first heap   total reserved 4114432K, committed 0K, used 0K [0x0000000704e00000, 0x0000000800000000)
  region size 2048K, 0 young (0K), 0 survivors (0K)

Heap Regions: E=young(eden), S=young(survivor), O=old, HS=humongous(starts), HC=humongous(continues), CS=collection set, F=free, TAMS=top-at-mark-start, PB=parsable bottom

Card table byte_map: [0x000002cc306d0000,0x000002cc30eb0000] _byte_map_base: 0x000002cc2cea9000

GC Heap Usage History (0 events):
No events

Metaspace Usage History (0 events):
No events

Dll operation events (1 events):
Event: 0.004 Loaded shared library C:\Program Files\Java\jdk-25.0.3\bin\java.dll

Deoptimization events (0 events):
No events

Classes loaded (0 events):
No events

Classes unloaded (0 events):
No events

Classes redefined (0 events):
No events

Internal exceptions (0 events):
No events

VM Operations (0 events):
No events

Memory protections (0 events):
No events

Nmethod flushes (0 events):
No events

Events (0 events):
No events


Dynamic libraries:
0x00007ff649d10000 - 0x00007ff649d20000 	C:\Program Files\Java\jdk-25.0.3\bin\java.exe
0x00007ff8887c0000 - 0x00007ff888a26000 	C:\WINDOWS\SYSTEM32\ntdll.dll
0x00007ff887230000 - 0x00007ff8872f9000 	C:\WINDOWS\System32\KERNEL32.DLL
0x00007ff885d20000 - 0x00007ff88611a000 	C:\WINDOWS\System32\KERNELBASE.dll
0x00007ff885bd0000 - 0x00007ff885d1c000 	C:\WINDOWS\System32\ucrtbase.dll
0x00007ff87ece0000 - 0x00007ff87ecf7000 	C:\Program Files\Java\jdk-25.0.3\bin\jli.dll
0x00007ff851530000 - 0x00007ff85154e000 	C:\Program Files\Java\jdk-25.0.3\bin\VCRUNTIME140.dll
0x00007ff8882d0000 - 0x00007ff888497000 	C:\WINDOWS\System32\USER32.dll
0x00007ff866310000 - 0x00007ff8665a2000 	C:\WINDOWS\WinSxS\amd64_microsoft.windows.common-controls_6595b64144ccf1df_6.0.26100.8521_none_3e08b75ce33403b3\COMCTL32.dll
0x00007ff8861d0000 - 0x00007ff8861f7000 	C:\WINDOWS\System32\win32u.dll
0x00007ff887d40000 - 0x00007ff887d6b000 	C:\WINDOWS\System32\GDI32.dll
0x00007ff887800000 - 0x00007ff8878a9000 	C:\WINDOWS\System32\msvcrt.dll
0x00007ff886350000 - 0x00007ff88647b000 	C:\WINDOWS\System32\gdi32full.dll
0x00007ff886120000 - 0x00007ff8861c3000 	C:\WINDOWS\System32\msvcp_win.dll
0x00007ff888600000 - 0x00007ff888632000 	C:\WINDOWS\System32\IMM32.DLL
0x00007ff8636e0000 - 0x00007ff8636ec000 	C:\Program Files\Java\jdk-25.0.3\bin\vcruntime140_1.dll
0x00007fffc5700000 - 0x00007fffc578d000 	C:\Program Files\Java\jdk-25.0.3\bin\msvcp140.dll
0x00007fffb3830000 - 0x00007fffb4690000 	C:\Program Files\Java\jdk-25.0.3\bin\server\jvm.dll
0x00007ff887170000 - 0x00007ff887226000 	C:\WINDOWS\System32\ADVAPI32.dll
0x00007ff886fc0000 - 0x00007ff88706a000 	C:\WINDOWS\System32\sechost.dll
0x00007ff886e00000 - 0x00007ff886f18000 	C:\WINDOWS\System32\RPCRT4.dll
0x00007ff886f20000 - 0x00007ff886fa0000 	C:\WINDOWS\System32\WS2_32.dll
0x00007ff8858b0000 - 0x00007ff88590e000 	C:\WINDOWS\SYSTEM32\POWRPROF.dll
0x00007ff874170000 - 0x00007ff8741a6000 	C:\WINDOWS\SYSTEM32\WINMM.dll
0x00007ff87d250000 - 0x00007ff87d25b000 	C:\WINDOWS\SYSTEM32\VERSION.dll
0x00007ff885890000 - 0x00007ff8858a4000 	C:\WINDOWS\SYSTEM32\UMPDC.dll
0x00007ff8847a0000 - 0x00007ff8847bb000 	C:\WINDOWS\SYSTEM32\kernel.appcore.dll
0x00007ff849ca0000 - 0x00007ff849caa000 	C:\Program Files\Java\jdk-25.0.3\bin\jimage.dll
0x00007ff875680000 - 0x00007ff8758c2000 	C:\WINDOWS\SYSTEM32\DBGHELP.DLL
0x00007ff887d70000 - 0x00007ff8880f3000 	C:\WINDOWS\System32\combase.dll
0x00007ff888110000 - 0x00007ff8881e9000 	C:\WINDOWS\System32\OLEAUT32.dll
0x00007ff868400000 - 0x00007ff86843b000 	C:\WINDOWS\SYSTEM32\dbgcore.DLL
0x00007ff886480000 - 0x00007ff886528000 	C:\WINDOWS\System32\bcryptPrimitives.dll
0x00007ff8492b0000 - 0x00007ff8492cf000 	C:\Program Files\Java\jdk-25.0.3\bin\java.dll
0x00007ff887650000 - 0x00007ff8877e8000 	C:\WINDOWS\System32\ole32.dll
0x00007ff886600000 - 0x00007ff886d84000 	C:\WINDOWS\System32\SHELL32.dll

JVMTI agents: none

dbghelp: loaded successfully - version: 4.0.5 - missing functions: none
symbol engine: initialized successfully - sym options: 0x614 - pdb path: .;C:\Program Files\Java\jdk-25.0.3\bin;C:\WINDOWS\SYSTEM32;C:\WINDOWS\WinSxS\amd64_microsoft.windows.common-controls_6595b64144ccf1df_6.0.26100.8521_none_3e08b75ce33403b3;C:\Program Files\Java\jdk-25.0.3\bin\server

VM Arguments:
jvm_args: --enable-native-access=ALL-UNNAMED 
java_command: <unknown>
java_class_path (initial): <not set>
Launcher Type: SUN_STANDARD

[Global flags]
     intx CICompilerCount                          = 15                                        {product} {ergonomic}
     uint ConcGCThreads                            = 6                                         {product} {ergonomic}
     uint G1ConcRefinementThreads                  = 23                                        {product} {ergonomic}
   size_t G1HeapRegionSize                         = 2097152                                   {product} {ergonomic}
   size_t InitialHeapSize                          = 264241152                                 {product} {ergonomic}
   size_t MarkStackSize                            = 4194304                                   {product} {ergonomic}
   size_t MarkStackSizeMax                         = 536870912                                 {product} {ergonomic}
   size_t MaxHeapSize                              = 4213178368                                {product} {ergonomic}
   size_t MinHeapDeltaBytes                        = 2097152                                   {product} {ergonomic}
   size_t MinHeapSize                              = 8388608                                   {product} {ergonomic}
    uintx NonNMethodCodeHeapSize                   = 8192000                                {pd product} {ergonomic}
    uintx NonProfiledCodeHeapSize                  = 121765888                              {pd product} {ergonomic}
    uintx ProfiledCodeHeapSize                     = 121700352                              {pd product} {ergonomic}
    uintx ReservedCodeCacheSize                    = 251658240                              {pd product} {ergonomic}
     bool SegmentedCodeCache                       = true                                      {product} {ergonomic}
   size_t SoftMaxHeapSize                          = 4213178368                             {manageable} {ergonomic}
     bool UseCompressedOops                        = true                           {product lp64_product} {ergonomic}
     bool UseG1GC                                  = true                                      {product} {ergonomic}
     bool UseLargePagesIndividualAllocation        = false                                  {pd product} {ergonomic}

Logging:
Log output configuration:
 #0: stdout all=warning uptime,level,tags foldmultilines=false
 #1: stderr all=off uptime,level,tags foldmultilines=false

Release file:
<release file has not been read>
Environment Variables:
JAVA_HOME=C:\Program Files\Java\jdk-25.0.3
PATH=C:\Program Files\Common Files\Oracle\Java\javapath;C:\WINDOWS\system32;C:\WINDOWS;C:\WINDOWS\System32\Wbem;C:\WINDOWS\System32\WindowsPowerShell\v1.0\;C:\WINDOWS\System32\OpenSSH\;C:\Program Files\NVIDIA Corporation\NVIDIA App\NvDLISR;C:\Program Files (x86)\NVIDIA Corporation\PhysX\Common;C:\Program Files\dotnet\;C:\Program Files\Calibre2\;C:\MinGW\bin;C:\Program Files\Git\cmd;C:\Program Files\PowerToys\DSCModules\;C:\Program Files\PowerShell\7\;C:\Program Files\nodejs\;C:\Users\Cral\AppData\Local\Microsoft\WindowsApps;C:\Users\Cral\AppData\Local\Microsoft\WinGet\Links;C:\Users\Cral\AppData\Local\Programs\Microsoft VS Code\bin;C:\Users\Cral\AppData\Local\Microsoft\WinGet\Packages\Fastfetch-cli.Fastfetch_Microsoft.Winget.Source_8wekyb3d8bbwe;C:\Users\Cral\AppData\Local\Programs\Antigravity IDE\bin;C:\Users\Cral\AppData\Roaming\npm;C:\Users\Cral\Downloads\Netbeans\netbeans\bin\
USERNAME=Cral
OS=Windows_NT
PROCESSOR_IDENTIFIER=AMD64 Family 25 Model 97 Stepping 2, AuthenticAMD
TMP=C:\Users\Cral\AppData\Local\Temp
TEMP=C:\Users\Cral\AppData\Local\Temp




Compilation memory statistics disabled.

Periodic native trim disabled

---------------  S Y S T E M  ---------------

OS:
 Windows 11 , 64 bit Build 26100 (10.0.26100.8521)
OS uptime: 0 days 16:00 hours
Hyper-V role detected

CPU: total 32 (initial active 32) (32 cores per cpu, 2 threads per core) family 25 model 97 stepping 2 microcode 0xa60120c, cx8, cmov, fxsr, ht, mmx, 3dnowpref, sse, sse2, sse3, ssse3, sse4a, sse4.1, sse4.2, popcnt, lzcnt, tsc, tscinvbit, avx, avx2, aes, erms, clmul, bmi1, bmi2, adx, avx512f, avx512dq, avx512cd, avx512bw, avx512vl, sha, fma, vzeroupper, avx512_vpopcntdq, avx512_vpclmulqdq, avx512_vaes, avx512_vnni, clflush, clflushopt, clwb, avx512_vbmi2, avx512_vbmi, hv, rdtscp, rdpid, fsrm, gfni, avx512_bitalg, f16c, cet_ss, avx512_ifma
Processor Information for the first 32 processors :
  Max Mhz: 2501, Current Mhz: 2501, Mhz Limit: 2501

Memory: 4k page, system-wide physical 16064M (2048M free)
TotalPageFile size 36475M (AvailPageFile size 5M)
current process WorkingSet (physical memory assigned to process): 14M, peak: 14M
current process commit charge ("private bytes"): 88M, peak: 89M

vm_info: Java HotSpot(TM) 64-Bit Server VM (25.0.3+9-LTS-195) for windows-amd64 JRE (25.0.3+9-LTS-195), built on 2026-03-11T00:20:00Z with MS VC++ 17.13 (VS2022)

END.
